<?xml version="1.0" encoding="UTF-8"?>
<!-- Generated by org.testng.reporters.JUnitXMLReporter -->
<testsuite ignored="0" hostname="LAPTOP-FNLCL2R2" failures="0" tests="3" name="regrassion" time="51.627" errors="0" timestamp="2022-08-23T19:10:09 IST">
  <testcase classname="test.HomePageTest" name="ValidateCompanyPageTest" time="1.689"/>
  <testcase classname="test.HomePageTest" name="ValidateContactPage" time="2.201"/>
  <testcase classname="test.HomePageTest" name="ValidateLogoutTest" time="1.617"/>
</testsuite> <!-- regrassion -->
