<?xml version="1.0" encoding="UTF-8"?>
<testng-results ignored="0" total="1" passed="1" failed="0" skipped="0">
  <reporter-output>
  </reporter-output>
  <suite started-at="2022-08-24T11:30:40 IST" name="Default suite" finished-at="2022-08-24T11:31:01 IST" duration-ms="21212">
    <groups>
    </groups>
    <test started-at="2022-08-24T11:30:40 IST" name="Default test" finished-at="2022-08-24T11:31:01 IST" duration-ms="21212">
      <class name="test.NewContactPageTest">
        <test-method is-config="true" signature="initialization()[pri:0, instance:test.NewContactPageTest@8f4ea7c]" started-at="2022-08-24T11:30:40 IST" name="initialization" finished-at="2022-08-24T11:30:57 IST" duration-ms="17134" status="PASS">
          <reporter-output>
          </reporter-output>
        </test-method> <!-- initialization -->
        <test-method signature="ValidateNewContactPageTest()[pri:0, instance:test.NewContactPageTest@8f4ea7c]" started-at="2022-08-24T11:30:57 IST" name="ValidateNewContactPageTest" finished-at="2022-08-24T11:31:01 IST" duration-ms="4007" status="PASS">
          <reporter-output>
          </reporter-output>
        </test-method> <!-- ValidateNewContactPageTest -->
        <test-method is-config="true" signature="closeResources()[pri:0, instance:test.NewContactPageTest@8f4ea7c]" started-at="2022-08-24T11:31:01 IST" name="closeResources" finished-at="2022-08-24T11:31:01 IST" duration-ms="1" status="PASS">
          <reporter-output>
          </reporter-output>
        </test-method> <!-- closeResources -->
      </class> <!-- test.NewContactPageTest -->
    </test> <!-- Default test -->
  </suite> <!-- Default suite -->
</testng-results>
